<?xml version="1.0" encoding="UTF-8"?>
<Site BuildName="Linux-g++"
	BuildStamp="20230730-0852-Experimental"
	Name="pop-os"
	Generator="ctest-3.22.1"
	CompilerName="/usr/bin/g++"
	CompilerVersion="11.3.0"
	OSName="Linux"
	Hostname="pop-os"
	OSRelease="6.2.6-76060206-generic"
	OSVersion="#202303130630~1689015125~22.04~ab2190e SMP PREEMPT_DYNAMIC Mon J"
	OSPlatform="x86_64"
	Is64Bits="1"
	VendorString="GenuineIntel"
	VendorID="Intel Corporation"
	FamilyID="6"
	ModelID="151"
	ProcessorCacheSize="18432"
	NumberOfLogicalCPU="12"
	NumberOfPhysicalCPU="6"
	TotalVirtualMemory="15820"
	TotalPhysicalMemory="15821"
	LogicalProcessorsPerPhysical="2"
	ProcessorClockFrequency="4000"
	>
	<Testing>
		<StartDateTime>Jul 30 15:59 CEST</StartDateTime>
		<StartTestTime>1690725540</StartTestTime>
		<TestList/>
		<EndDateTime>Jul 30 15:59 CEST</EndDateTime>
		<EndTestTime>1690725540</EndTestTime>
		<ElapsedMinutes>0</ElapsedMinutes>
	</Testing>
</Site>
